<?xml version="1.0" encoding="UTF-8"?>
<!-- Generated by org.testng.reporters.JUnitXMLReporter -->
<testsuite ignored="4" hostname="LAPTOP-N1KMP2C8" failures="0" tests="6" name="Test2" time="41.128" errors="0" timestamp="2025-05-26T17:42:21 IST">
  <testcase classname="TestNG.CreateCampaignwithDate" name="CreateCampaign" time="6.793"/>
  <testcase classname="TestNG.CreateCampaignwithDate2Dupe" name="CreateCampaign" time="6.171"/>
  <testcase classname="TestNG.CreateCampaignwithDate2Dupe" name="CreateCampaignDateTest" time="5.964"/>
  <testcase classname="TestNG.CreateCampaignwithDate" name="CreateCampaignDateTest" time="5.781"/>
  <testcase classname="TestNG.CreateCampaignwithDate" name="createCampaignWithMandatoryFieldsTest" time="8.915"/>
  <testcase classname="TestNG.CreateCampaignwithDate2Dupe" name="createCampaignWithMandatoryFieldsTest" time="8.745"/>
  <testcase classname="BaseClassPackage.BaseClassCRM" name="@AfterTest configAT" time="0.0">
    <ignored/>
  </testcase> <!-- @AfterTest configAT -->
  <testcase classname="BaseClassPackage.BaseClassCRM" name="@BeforeTest configBT" time="0.0">
    <ignored/>
  </testcase> <!-- @BeforeTest configBT -->
  <testcase classname="BaseClassPackage.BaseClassCRM" name="@AfterSuite configAS" time="0.0">
    <ignored/>
  </testcase> <!-- @AfterSuite configAS -->
  <testcase classname="BaseClassPackage.BaseClassCRM" name="@BeforeSuite configBS" time="0.0">
    <ignored/>
  </testcase> <!-- @BeforeSuite configBS -->
</testsuite> <!-- Test2 -->
