<?xml version="1.0" encoding="UTF-8"?>
<!-- Generated by org.testng.reporters.JUnitXMLReporter -->
<testsuite ignored="1" hostname="LAPTOP-N1KMP2C8" failures="5" tests="5" name="Test" time="0.99" errors="0" timestamp="2025-05-28T10:39:43 IST">
  <testcase classname="TestNG.CreateCampaignwithDate" name="CreateCampaign" time="0.62">
    <failure type="java.lang.NullPointerException" message="Cannot invoke &amp;quot;org.openqa.selenium.SearchContext.findElement(org.openqa.selenium.By)&amp;quot; because &amp;quot;this.searchContext&amp;quot; is null">
      <![CDATA[java.lang.NullPointerException: Cannot invoke "org.openqa.selenium.SearchContext.findElement(org.openqa.selenium.By)" because "this.searchContext" is null
at org.openqa.selenium.support.pagefactory.DefaultElementLocator.findElement(DefaultElementLocator.java:68)
at org.openqa.selenium.support.pagefactory.internal.LocatingElementHandler.invoke(LocatingElementHandler.java:38)
at jdk.proxy2/jdk.proxy2.$Proxy17.click(Unknown Source)
at ObjRepo.HomePage.clickonCampaignbtn(HomePage.java:78)
at TestNG.CreateCampaignwithDate.CreateCampaign(CreateCampaignwithDate.java:69)
at java.base/java.util.ArrayList.forEach(ArrayList.java:1511)
... Removed 27 stack frames]]>
    </failure>
  </testcase> <!-- CreateCampaign -->
  <testcase classname="TestNG.CreateCampaignwithDate" name="CreateCampaignDateTest" time="0.077">
    <failure type="java.lang.NullPointerException" message="Cannot invoke &amp;quot;org.openqa.selenium.SearchContext.findElement(org.openqa.selenium.By)&amp;quot; because &amp;quot;this.searchContext&amp;quot; is null">
      <![CDATA[java.lang.NullPointerException: Cannot invoke "org.openqa.selenium.SearchContext.findElement(org.openqa.selenium.By)" because "this.searchContext" is null
at org.openqa.selenium.support.pagefactory.DefaultElementLocator.findElement(DefaultElementLocator.java:68)
at org.openqa.selenium.support.pagefactory.internal.LocatingElementHandler.invoke(LocatingElementHandler.java:38)
at jdk.proxy2/jdk.proxy2.$Proxy17.click(Unknown Source)
at ObjRepo.HomePage.clickonCampaignbtn(HomePage.java:78)
at TestNG.CreateCampaignwithDate.CreateCampaignDateTest(CreateCampaignwithDate.java:38)
at java.base/java.util.ArrayList.forEach(ArrayList.java:1511)
... Removed 27 stack frames]]>
    </failure>
  </testcase> <!-- CreateCampaignDateTest -->
  <testcase classname="TestNG.CreateCampaignwithDate" name="createCampaignWithMandatoryFieldsTest" time="0.082">
    <failure type="java.lang.NullPointerException" message="Cannot invoke &amp;quot;org.openqa.selenium.SearchContext.findElement(org.openqa.selenium.By)&amp;quot; because &amp;quot;this.searchContext&amp;quot; is null">
      <![CDATA[java.lang.NullPointerException: Cannot invoke "org.openqa.selenium.SearchContext.findElement(org.openqa.selenium.By)" because "this.searchContext" is null
at org.openqa.selenium.support.pagefactory.DefaultElementLocator.findElement(DefaultElementLocator.java:68)
at org.openqa.selenium.support.pagefactory.internal.LocatingElementHandler.invoke(LocatingElementHandler.java:38)
at jdk.proxy2/jdk.proxy2.$Proxy17.click(Unknown Source)
at ObjRepo.HomePage.clickonCampaignbtn(HomePage.java:78)
at TestNG.CreateCampaignwithDate.createCampaignWithMandatoryFieldsTest(CreateCampaignwithDate.java:100)
at java.base/java.util.ArrayList.forEach(ArrayList.java:1511)
... Removed 27 stack frames]]>
    </failure>
  </testcase> <!-- createCampaignWithMandatoryFieldsTest -->
  <testcase classname="TestNG.CreateCampaignwithDate2Dupe" name="CreateCampaignDateTest" time="0.077">
    <failure type="java.lang.NullPointerException" message="Cannot invoke &amp;quot;org.openqa.selenium.SearchContext.findElement(org.openqa.selenium.By)&amp;quot; because &amp;quot;this.searchContext&amp;quot; is null">
      <![CDATA[java.lang.NullPointerException: Cannot invoke "org.openqa.selenium.SearchContext.findElement(org.openqa.selenium.By)" because "this.searchContext" is null
at org.openqa.selenium.support.pagefactory.DefaultElementLocator.findElement(DefaultElementLocator.java:68)
at org.openqa.selenium.support.pagefactory.internal.LocatingElementHandler.invoke(LocatingElementHandler.java:38)
at jdk.proxy2/jdk.proxy2.$Proxy17.click(Unknown Source)
at ObjRepo.HomePage.clickonCampaignbtn(HomePage.java:78)
at TestNG.CreateCampaignwithDate2Dupe.CreateCampaignDateTest(CreateCampaignwithDate2Dupe.java:47)
at java.base/java.util.ArrayList.forEach(ArrayList.java:1511)
... Removed 27 stack frames]]>
    </failure>
  </testcase> <!-- CreateCampaignDateTest -->
  <testcase classname="TestNG.CreateCampaignwithDate2Dupe" name="createCampaignWithMandatoryFieldsTest" time="0.06">
    <failure type="java.lang.NullPointerException" message="Cannot invoke &amp;quot;org.openqa.selenium.SearchContext.findElement(org.openqa.selenium.By)&amp;quot; because &amp;quot;this.searchContext&amp;quot; is null">
      <![CDATA[java.lang.NullPointerException: Cannot invoke "org.openqa.selenium.SearchContext.findElement(org.openqa.selenium.By)" because "this.searchContext" is null
at org.openqa.selenium.support.pagefactory.DefaultElementLocator.findElement(DefaultElementLocator.java:68)
at org.openqa.selenium.support.pagefactory.internal.LocatingElementHandler.invoke(LocatingElementHandler.java:38)
at jdk.proxy2/jdk.proxy2.$Proxy17.click(Unknown Source)
at ObjRepo.HomePage.clickonCampaignbtn(HomePage.java:78)
at TestNG.CreateCampaignwithDate2Dupe.createCampaignWithMandatoryFieldsTest(CreateCampaignwithDate2Dupe.java:110)
at java.base/java.util.ArrayList.forEach(ArrayList.java:1511)
... Removed 27 stack frames]]>
    </failure>
  </testcase> <!-- createCampaignWithMandatoryFieldsTest -->
  <testcase classname="TestNG.CreateCampaignwithDate2Dupe" name="CreateCampaign" time="0.0">
    <ignored/>
  </testcase> <!-- CreateCampaign -->
</testsuite> <!-- Test -->
