<?xml version="1.0" encoding="UTF-8"?>
<!-- Generated by org.testng.reporters.JUnitXMLReporter -->
<testsuite ignored="4" hostname="LAPTOP-N1KMP2C8" failures="0" tests="6" name="Test1" time="38.864" errors="0" timestamp="2025-05-26T17:41:40 IST">
  <testcase classname="TestNG.CreateCampaignwithDate2Dupe" name="CreateCampaign" time="7.635"/>
  <testcase classname="TestNG.CreateCampaignwithDate" name="CreateCampaign" time="7.665"/>
  <testcase classname="TestNG.CreateCampaignwithDate" name="CreateCampaignDateTest" time="7.413"/>
  <testcase classname="TestNG.CreateCampaignwithDate2Dupe" name="CreateCampaignDateTest" time="6.814"/>
  <testcase classname="TestNG.CreateCampaignwithDate" name="createCampaignWithMandatoryFieldsTest" time="6.647"/>
  <testcase classname="TestNG.CreateCampaignwithDate2Dupe" name="createCampaignWithMandatoryFieldsTest" time="6.177"/>
  <testcase classname="BaseClassPackage.BaseClassCRM" name="@AfterTest configAT" time="0.0">
    <ignored/>
  </testcase> <!-- @AfterTest configAT -->
  <testcase classname="BaseClassPackage.BaseClassCRM" name="@BeforeTest configBT" time="0.0">
    <ignored/>
  </testcase> <!-- @BeforeTest configBT -->
  <testcase classname="BaseClassPackage.BaseClassCRM" name="@AfterSuite configAS" time="0.0">
    <ignored/>
  </testcase> <!-- @AfterSuite configAS -->
  <testcase classname="BaseClassPackage.BaseClassCRM" name="@BeforeSuite configBS" time="0.0">
    <ignored/>
  </testcase> <!-- @BeforeSuite configBS -->
</testsuite> <!-- Test1 -->
