<?xml version="1.0" encoding="UTF-8"?>
<!-- Generated by org.testng.reporters.JUnitXMLReporter -->
<testsuite ignored="4" hostname="LAPTOP-N1KMP2C8" failures="0" tests="6" name="Test3" time="50.072" errors="0" timestamp="2025-05-26T17:43:11 IST">
  <testcase classname="TestNG.CreateCampaignwithDate" name="CreateCampaign" time="6.894"/>
  <testcase classname="TestNG.CreateCampaignwithDate2Dupe" name="CreateCampaign" time="6.11"/>
  <testcase classname="TestNG.CreateCampaignwithDate" name="CreateCampaignDateTest" time="5.946"/>
  <testcase classname="TestNG.CreateCampaignwithDate2Dupe" name="CreateCampaignDateTest" time="6.032"/>
  <testcase classname="TestNG.CreateCampaignwithDate" name="createCampaignWithMandatoryFieldsTest" time="5.809"/>
  <testcase classname="TestNG.CreateCampaignwithDate2Dupe" name="createCampaignWithMandatoryFieldsTest" time="5.757"/>
  <testcase classname="BaseClassPackage.BaseClassCRM" name="@BeforeTest configBT" time="0.0">
    <ignored/>
  </testcase> <!-- @BeforeTest configBT -->
  <testcase classname="BaseClassPackage.BaseClassCRM" name="@AfterSuite configAS" time="0.0">
    <ignored/>
  </testcase> <!-- @AfterSuite configAS -->
  <testcase classname="BaseClassPackage.BaseClassCRM" name="@AfterTest configAT" time="0.0">
    <ignored/>
  </testcase> <!-- @AfterTest configAT -->
  <testcase classname="BaseClassPackage.BaseClassCRM" name="@BeforeSuite configBS" time="0.0">
    <ignored/>
  </testcase> <!-- @BeforeSuite configBS -->
</testsuite> <!-- Test3 -->
