<?xml version="1.0" encoding="UTF-8"?>
<testng-results ignored="2" total="3" passed="0" failed="0" skipped="1">
  <reporter-output>
    <line>
      <![CDATA[Report config]]>
    </line>
    <line>
      <![CDATA[Establish DB connection]]>
    </line>
    <line>
      <![CDATA[Pre-condition]]>
    </line>
    <line>
      <![CDATA[CreateCampaignDateTestTest case started]]>
    </line>
    <line>
      <![CDATA[Testcase skipped]]>
    </line>
    <line>
      <![CDATA[Post-condition]]>
    </line>
    <line>
      <![CDATA[Disconnect DB connection]]>
    </line>
  </reporter-output>
  <suite started-at="2025-05-27T11:54:08 IST" name="Suite" finished-at="2025-05-27T11:54:08 IST" duration-ms="80">
    <groups>
    </groups>
    <test started-at="2025-05-27T11:54:08 IST" name="Test" finished-at="2025-05-27T11:54:08 IST" duration-ms="80">
      <class name="TestNG.CreateCampaignwithDate2Dupe">
        <test-method is-config="true" signature="configBS()[pri:0, instance:TestNG.CreateCampaignwithDate2Dupe@183ec003]" started-at="2025-05-27T11:54:08 IST" name="configBS" finished-at="2025-05-27T11:54:08 IST" duration-ms="13" status="PASS">
          <reporter-output>
            <line>
              <![CDATA[Establish DB connection]]>
            </line>
          </reporter-output>
        </test-method> <!-- configBS -->
        <test-method is-config="true" signature="configBT()[pri:0, instance:TestNG.CreateCampaignwithDate2Dupe@183ec003]" started-at="2025-05-27T11:54:08 IST" name="configBT" finished-at="2025-05-27T11:54:08 IST" duration-ms="0" status="PASS">
          <reporter-output>
            <line>
              <![CDATA[Pre-condition]]>
            </line>
          </reporter-output>
        </test-method> <!-- configBT -->
        <test-method is-config="true" signature="configBC(java.lang.String)[pri:0, instance:TestNG.CreateCampaignwithDate2Dupe@183ec003]" started-at="2025-05-27T11:54:08 IST" name="configBC" finished-at="1970-01-01T05:30:00 IST" duration-ms="-1748327048841" status="FAIL">
          <exception class="org.testng.TestNGException">
            <message>
              <![CDATA[
Parameter 'browser' is required by BeforeClass on method configBC but has not been marked @Optional or defined
in C:\Users\anjal\eclipse-workspace\Framework\Selenium_Advance_Maven\tListnerplusextentreport.xml]]>
            </message>
            <full-stacktrace>
              <![CDATA[org.testng.TestNGException: 
Parameter 'browser' is required by BeforeClass on method configBC but has not been marked @Optional or defined
in C:\Users\anjal\eclipse-workspace\Framework\Selenium_Advance_Maven\tListnerplusextentreport.xml
at org.testng.internal.Parameters.createParams(Parameters.java:264)
at org.testng.internal.Parameters.createParametersForMethod(Parameters.java:352)
at org.testng.internal.Parameters.createParameters(Parameters.java:690)
at org.testng.internal.Parameters.createConfigurationParameters(Parameters.java:163)
at org.testng.internal.invokers.ConfigInvoker.invokeConfigurations(ConfigInvoker.java:313)
at org.testng.internal.invokers.TestMethodWorker.invokeBeforeClassMethods(TestMethodWorker.java:188)
at org.testng.internal.invokers.TestMethodWorker.run(TestMethodWorker.java:128)
at java.base/java.util.ArrayList.forEach(ArrayList.java:1511)
at org.testng.TestRunner.privateRun(TestRunner.java:741)
at org.testng.TestRunner.run(TestRunner.java:616)
at org.testng.SuiteRunner.runTest(SuiteRunner.java:421)
at org.testng.SuiteRunner.runSequentially(SuiteRunner.java:413)
at org.testng.SuiteRunner.privateRun(SuiteRunner.java:373)
at org.testng.SuiteRunner.run(SuiteRunner.java:312)
at org.testng.SuiteRunnerWorker.runSuite(SuiteRunnerWorker.java:52)
at org.testng.SuiteRunnerWorker.run(SuiteRunnerWorker.java:95)
at org.testng.TestNG.runSuitesSequentially(TestNG.java:1274)
at org.testng.TestNG.runSuitesLocally(TestNG.java:1208)
at org.testng.TestNG.runSuites(TestNG.java:1112)
at org.testng.TestNG.run(TestNG.java:1079)
at org.testng.remote.AbstractRemoteTestNG.run(AbstractRemoteTestNG.java:115)
at org.testng.remote.RemoteTestNG.initAndRun(RemoteTestNG.java:293)
at org.testng.remote.RemoteTestNG.main(RemoteTestNG.java:91)
]]>
            </full-stacktrace>
          </exception> <!-- org.testng.TestNGException -->
          <reporter-output>
          </reporter-output>
        </test-method> <!-- configBC -->
        <test-method is-config="true" signature="configBM()[pri:0, instance:TestNG.CreateCampaignwithDate2Dupe@183ec003]" started-at="2025-05-27T11:54:08 IST" name="configBM" finished-at="2025-05-27T11:54:08 IST" duration-ms="0" status="SKIP">
          <reporter-output>
          </reporter-output>
        </test-method> <!-- configBM -->
        <test-method signature="CreateCampaignDateTest()[pri:0, instance:TestNG.CreateCampaignwithDate2Dupe@183ec003]" started-at="2025-05-27T11:54:08 IST" name="CreateCampaignDateTest" finished-at="2025-05-27T11:54:08 IST" duration-ms="0" status="SKIP">
          <exception class="org.testng.TestNGException">
            <message>
              <![CDATA[
Parameter 'browser' is required by BeforeClass on method configBC but has not been marked @Optional or defined
in C:\Users\anjal\eclipse-workspace\Framework\Selenium_Advance_Maven\tListnerplusextentreport.xml]]>
            </message>
            <full-stacktrace>
              <![CDATA[org.testng.TestNGException: 
Parameter 'browser' is required by BeforeClass on method configBC but has not been marked @Optional or defined
in C:\Users\anjal\eclipse-workspace\Framework\Selenium_Advance_Maven\tListnerplusextentreport.xml
at org.testng.internal.Parameters.createParams(Parameters.java:264)
at org.testng.internal.Parameters.createParametersForMethod(Parameters.java:352)
at org.testng.internal.Parameters.createParameters(Parameters.java:690)
at org.testng.internal.Parameters.createConfigurationParameters(Parameters.java:163)
at org.testng.internal.invokers.ConfigInvoker.invokeConfigurations(ConfigInvoker.java:313)
at org.testng.internal.invokers.TestMethodWorker.invokeBeforeClassMethods(TestMethodWorker.java:188)
at org.testng.internal.invokers.TestMethodWorker.run(TestMethodWorker.java:128)
at java.base/java.util.ArrayList.forEach(ArrayList.java:1511)
at org.testng.TestRunner.privateRun(TestRunner.java:741)
at org.testng.TestRunner.run(TestRunner.java:616)
at org.testng.SuiteRunner.runTest(SuiteRunner.java:421)
at org.testng.SuiteRunner.runSequentially(SuiteRunner.java:413)
at org.testng.SuiteRunner.privateRun(SuiteRunner.java:373)
at org.testng.SuiteRunner.run(SuiteRunner.java:312)
at org.testng.SuiteRunnerWorker.runSuite(SuiteRunnerWorker.java:52)
at org.testng.SuiteRunnerWorker.run(SuiteRunnerWorker.java:95)
at org.testng.TestNG.runSuitesSequentially(TestNG.java:1274)
at org.testng.TestNG.runSuitesLocally(TestNG.java:1208)
at org.testng.TestNG.runSuites(TestNG.java:1112)
at org.testng.TestNG.run(TestNG.java:1079)
at org.testng.remote.AbstractRemoteTestNG.run(AbstractRemoteTestNG.java:115)
at org.testng.remote.RemoteTestNG.initAndRun(RemoteTestNG.java:293)
at org.testng.remote.RemoteTestNG.main(RemoteTestNG.java:91)
]]>
            </full-stacktrace>
          </exception> <!-- org.testng.TestNGException -->
          <reporter-output>
            <line>
              <![CDATA[Testcase skipped]]>
            </line>
          </reporter-output>
        </test-method> <!-- CreateCampaignDateTest -->
        <test-method is-config="true" signature="configAM()[pri:0, instance:TestNG.CreateCampaignwithDate2Dupe@183ec003]" started-at="2025-05-27T11:54:08 IST" name="configAM" finished-at="2025-05-27T11:54:08 IST" duration-ms="0" status="SKIP">
          <reporter-output>
          </reporter-output>
        </test-method> <!-- configAM -->
        <test-method is-config="true" signature="configAC()[pri:0, instance:TestNG.CreateCampaignwithDate2Dupe@183ec003]" started-at="2025-05-27T11:54:08 IST" name="configAC" finished-at="2025-05-27T11:54:08 IST" duration-ms="0" status="SKIP">
          <reporter-output>
          </reporter-output>
        </test-method> <!-- configAC -->
        <test-method is-config="true" signature="configAT()[pri:0, instance:TestNG.CreateCampaignwithDate2Dupe@183ec003]" started-at="2025-05-27T11:54:08 IST" name="configAT" finished-at="2025-05-27T11:54:08 IST" duration-ms="1" status="PASS">
          <reporter-output>
            <line>
              <![CDATA[Post-condition]]>
            </line>
          </reporter-output>
        </test-method> <!-- configAT -->
        <test-method is-config="true" signature="configAS()[pri:0, instance:TestNG.CreateCampaignwithDate2Dupe@183ec003]" started-at="2025-05-27T11:54:08 IST" name="configAS" finished-at="2025-05-27T11:54:09 IST" duration-ms="354" status="PASS">
          <reporter-output>
            <line>
              <![CDATA[Disconnect DB connection]]>
            </line>
          </reporter-output>
        </test-method> <!-- configAS -->
      </class> <!-- TestNG.CreateCampaignwithDate2Dupe -->
    </test> <!-- Test -->
  </suite> <!-- Suite -->
</testng-results>
